{"/Users/abdulhakeemalsenan/whatsapp-ai-saas/src/api/cache.ts": {"path":"/Users/abdulhakeemalsenan/whatsapp-ai-saas/src/api/cache.ts","statementMap":{"0":{"start":{"line":11,"column":14},"end":{"line":11,"column":null}},"1":{"start":{"line":21,"column":20},"end":{"line":21,"column":null}},"2":{"start":{"line":22,"column":2},"end":{"line":22,"column":null}},"3":{"start":{"line":29,"column":16},"end":{"line":29,"column":null}},"4":{"start":{"line":31,"column":2},"end":{"line":33,"column":null}},"5":{"start":{"line":32,"column":4},"end":{"line":32,"column":null}},"6":{"start":{"line":36,"column":2},"end":{"line":39,"column":null}},"7":{"start":{"line":37,"column":4},"end":{"line":37,"column":null}},"8":{"start":{"line":38,"column":4},"end":{"line":38,"column":null}},"9":{"start":{"line":41,"column":2},"end":{"line":41,"column":null}},"10":{"start":{"line":48,"column":2},"end":{"line":48,"column":null}},"11":{"start":{"line":55,"column":2},"end":{"line":55,"column":null}},"12":{"start":{"line":62,"column":16},"end":{"line":62,"column":null}},"13":{"start":{"line":63,"column":2},"end":{"line":67,"column":null}},"14":{"start":{"line":64,"column":4},"end":{"line":66,"column":null}},"15":{"start":{"line":65,"column":6},"end":{"line":65,"column":null}},"16":{"start":{"line":74,"column":21},"end":{"line":74,"column":null}},"17":{"start":{"line":75,"column":23},"end":{"line":75,"column":null}},"18":{"start":{"line":77,"column":2},"end":{"line":82,"column":null}},"19":{"start":{"line":78,"column":4},"end":{"line":78,"column":null}},"20":{"start":{"line":79,"column":4},"end":{"line":81,"column":null}},"21":{"start":{"line":80,"column":6},"end":{"line":80,"column":null}},"22":{"start":{"line":84,"column":2},"end":{"line":88,"column":null}},"23":{"start":{"line":95,"column":14},"end":{"line":95,"column":null}},"24":{"start":{"line":96,"column":2},"end":{"line":100,"column":null}},"25":{"start":{"line":97,"column":4},"end":{"line":99,"column":null}},"26":{"start":{"line":98,"column":6},"end":{"line":98,"column":null}},"27":{"start":{"line":104,"column":0},"end":{"line":104,"column":null}}},"fnMap":{"0":{"name":"setCacheValue","decl":{"start":{"line":16,"column":16},"end":{"line":16,"column":null}},"loc":{"start":{"line":20,"column":8},"end":{"line":23,"column":null}},"line":20},"1":{"name":"getCacheValue","decl":{"start":{"line":28,"column":16},"end":{"line":28,"column":33}},"loc":{"start":{"line":28,"column":56},"end":{"line":42,"column":null}},"line":28},"2":{"name":"deleteCacheValue","decl":{"start":{"line":47,"column":16},"end":{"line":47,"column":33}},"loc":{"start":{"line":47,"column":52},"end":{"line":49,"column":null}},"line":47},"3":{"name":"clearCache","decl":{"start":{"line":54,"column":16},"end":{"line":54,"column":35}},"loc":{"start":{"line":54,"column":35},"end":{"line":56,"column":null}},"line":54},"4":{"name":"clearCachePattern","decl":{"start":{"line":61,"column":16},"end":{"line":61,"column":34}},"loc":{"start":{"line":61,"column":57},"end":{"line":68,"column":null}},"line":61},"5":{"name":"getCacheStats","decl":{"start":{"line":73,"column":16},"end":{"line":73,"column":32}},"loc":{"start":{"line":73,"column":32},"end":{"line":89,"column":null}},"line":73},"6":{"name":"cleanupExpiredCache","decl":{"start":{"line":94,"column":16},"end":{"line":94,"column":44}},"loc":{"start":{"line":94,"column":44},"end":{"line":101,"column":null}},"line":94}},"branchMap":{"0":{"loc":{"start":{"line":19,"column":2},"end":{"line":19,"column":null}},"type":"default-arg","locations":[{"start":{"line":19,"column":23},"end":{"line":19,"column":null}}],"line":19},"1":{"loc":{"start":{"line":31,"column":2},"end":{"line":33,"column":null}},"type":"if","locations":[{"start":{"line":31,"column":2},"end":{"line":33,"column":null}},{"start":{},"end":{}}],"line":31},"2":{"loc":{"start":{"line":36,"column":2},"end":{"line":39,"column":null}},"type":"if","locations":[{"start":{"line":36,"column":2},"end":{"line":39,"column":null}},{"start":{},"end":{}}],"line":36},"3":{"loc":{"start":{"line":64,"column":4},"end":{"line":66,"column":null}},"type":"if","locations":[{"start":{"line":64,"column":4},"end":{"line":66,"column":null}},{"start":{},"end":{}}],"line":64},"4":{"loc":{"start":{"line":79,"column":4},"end":{"line":81,"column":null}},"type":"if","locations":[{"start":{"line":79,"column":4},"end":{"line":81,"column":null}},{"start":{},"end":{}}],"line":79},"5":{"loc":{"start":{"line":97,"column":4},"end":{"line":99,"column":null}},"type":"if","locations":[{"start":{"line":97,"column":4},"end":{"line":99,"column":null}},{"start":{},"end":{}}],"line":97}},"s":{"0":1,"1":7,"2":7,"3":4,"4":4,"5":2,"6":2,"7":1,"8":1,"9":1,"10":1,"11":7,"12":0,"13":0,"14":0,"15":0,"16":2,"17":2,"18":2,"19":2,"20":2,"21":0,"22":2,"23":0,"24":0,"25":0,"26":0,"27":1},"f":{"0":7,"1":4,"2":1,"3":7,"4":0,"5":2,"6":0},"b":{"0":[7],"1":[2,2],"2":[1,1],"3":[0,0],"4":[0,2],"5":[0,0]},"meta":{"lastBranch":6,"lastFunction":7,"lastStatement":28,"seen":{"s:11:14:11:Infinity":0,"f:16:16:16:Infinity":0,"b:19:23:19:Infinity":0,"s:21:20:21:Infinity":1,"s:22:2:22:Infinity":2,"f:28:16:28:33":1,"s:29:16:29:Infinity":3,"b:31:2:33:Infinity:undefined:undefined:undefined:undefined":1,"s:31:2:33:Infinity":4,"s:32:4:32:Infinity":5,"b:36:2:39:Infinity:undefined:undefined:undefined:undefined":2,"s:36:2:39:Infinity":6,"s:37:4:37:Infinity":7,"s:38:4:38:Infinity":8,"s:41:2:41:Infinity":9,"f:47:16:47:33":2,"s:48:2:48:Infinity":10,"f:54:16:54:35":3,"s:55:2:55:Infinity":11,"f:61:16:61:34":4,"s:62:16:62:Infinity":12,"s:63:2:67:Infinity":13,"b:64:4:66:Infinity:undefined:undefined:undefined:undefined":3,"s:64:4:66:Infinity":14,"s:65:6:65:Infinity":15,"f:73:16:73:32":5,"s:74:21:74:Infinity":16,"s:75:23:75:Infinity":17,"s:77:2:82:Infinity":18,"s:78:4:78:Infinity":19,"b:79:4:81:Infinity:undefined:undefined:undefined:undefined":4,"s:79:4:81:Infinity":20,"s:80:6:80:Infinity":21,"s:84:2:88:Infinity":22,"f:94:16:94:44":6,"s:95:14:95:Infinity":23,"s:96:2:100:Infinity":24,"b:97:4:99:Infinity:undefined:undefined:undefined:undefined":5,"s:97:4:99:Infinity":25,"s:98:6:98:Infinity":26,"s:104:0:104:Infinity":27}}}
,"/Users/abdulhakeemalsenan/whatsapp-ai-saas/src/api/filters.ts": {"path":"/Users/abdulhakeemalsenan/whatsapp-ai-saas/src/api/filters.ts","statementMap":{"0":{"start":{"line":26,"column":37},"end":{"line":26,"column":null}},"1":{"start":{"line":27,"column":50},"end":{"line":27,"column":null}},"2":{"start":{"line":30,"column":2},"end":{"line":32,"column":null}},"3":{"start":{"line":31,"column":4},"end":{"line":31,"column":null}},"4":{"start":{"line":35,"column":2},"end":{"line":37,"column":null}},"5":{"start":{"line":36,"column":4},"end":{"line":36,"column":null}},"6":{"start":{"line":40,"column":2},"end":{"line":48,"column":null}},"7":{"start":{"line":41,"column":4},"end":{"line":41,"column":null}},"8":{"start":{"line":42,"column":4},"end":{"line":44,"column":null}},"9":{"start":{"line":43,"column":6},"end":{"line":43,"column":null}},"10":{"start":{"line":45,"column":4},"end":{"line":47,"column":null}},"11":{"start":{"line":46,"column":6},"end":{"line":46,"column":null}},"12":{"start":{"line":51,"column":17},"end":{"line":51,"column":null}},"13":{"start":{"line":52,"column":20},"end":{"line":52,"column":null}},"14":{"start":{"line":53,"column":2},"end":{"line":53,"column":null}},"15":{"start":{"line":55,"column":2},"end":{"line":59,"column":null}},"16":{"start":{"line":66,"column":27},"end":{"line":66,"column":null}},"17":{"start":{"line":69,"column":2},"end":{"line":71,"column":null}},"18":{"start":{"line":70,"column":4},"end":{"line":70,"column":null}},"19":{"start":{"line":74,"column":2},"end":{"line":76,"column":null}},"20":{"start":{"line":75,"column":4},"end":{"line":75,"column":null}},"21":{"start":{"line":79,"column":2},"end":{"line":81,"column":null}},"22":{"start":{"line":80,"column":4},"end":{"line":80,"column":null}},"23":{"start":{"line":82,"column":2},"end":{"line":84,"column":null}},"24":{"start":{"line":83,"column":4},"end":{"line":83,"column":null}},"25":{"start":{"line":87,"column":2},"end":{"line":89,"column":null}},"26":{"start":{"line":88,"column":4},"end":{"line":88,"column":null}},"27":{"start":{"line":91,"column":2},"end":{"line":94,"column":null}},"28":{"start":{"line":101,"column":2},"end":{"line":103,"column":null}},"29":{"start":{"line":102,"column":4},"end":{"line":102,"column":null}},"30":{"start":{"line":105,"column":2},"end":{"line":109,"column":null}}},"fnMap":{"0":{"name":"buildFilterQuery","decl":{"start":{"line":25,"column":16},"end":{"line":25,"column":33}},"loc":{"start":{"line":25,"column":70},"end":{"line":60,"column":null}},"line":25},"1":{"name":"validateFilters","decl":{"start":{"line":65,"column":16},"end":{"line":65,"column":32}},"loc":{"start":{"line":65,"column":94},"end":{"line":95,"column":null}},"line":65},"2":{"name":"sanitizeSearch","decl":{"start":{"line":100,"column":16},"end":{"line":100,"column":31}},"loc":{"start":{"line":100,"column":54},"end":{"line":110,"column":null}},"line":100}},"branchMap":{"0":{"loc":{"start":{"line":30,"column":2},"end":{"line":32,"column":null}},"type":"if","locations":[{"start":{"line":30,"column":2},"end":{"line":32,"column":null}},{"start":{},"end":{}}],"line":30},"1":{"loc":{"start":{"line":35,"column":2},"end":{"line":37,"column":null}},"type":"if","locations":[{"start":{"line":35,"column":2},"end":{"line":37,"column":null}},{"start":{},"end":{}}],"line":35},"2":{"loc":{"start":{"line":40,"column":2},"end":{"line":48,"column":null}},"type":"if","locations":[{"start":{"line":40,"column":2},"end":{"line":48,"column":null}},{"start":{},"end":{}}],"line":40},"3":{"loc":{"start":{"line":40,"column":6},"end":{"line":40,"column":42}},"type":"binary-expr","locations":[{"start":{"line":40,"column":6},"end":{"line":40,"column":26}},{"start":{"line":40,"column":26},"end":{"line":40,"column":42}}],"line":40},"4":{"loc":{"start":{"line":42,"column":4},"end":{"line":44,"column":null}},"type":"if","locations":[{"start":{"line":42,"column":4},"end":{"line":44,"column":null}},{"start":{},"end":{}}],"line":42},"5":{"loc":{"start":{"line":45,"column":4},"end":{"line":47,"column":null}},"type":"if","locations":[{"start":{"line":45,"column":4},"end":{"line":47,"column":null}},{"start":{},"end":{}}],"line":45},"6":{"loc":{"start":{"line":51,"column":17},"end":{"line":51,"column":null}},"type":"binary-expr","locations":[{"start":{"line":51,"column":17},"end":{"line":51,"column":35}},{"start":{"line":51,"column":35},"end":{"line":51,"column":null}}],"line":51},"7":{"loc":{"start":{"line":52,"column":20},"end":{"line":52,"column":null}},"type":"binary-expr","locations":[{"start":{"line":52,"column":20},"end":{"line":52,"column":41}},{"start":{"line":52,"column":41},"end":{"line":52,"column":null}}],"line":52},"8":{"loc":{"start":{"line":69,"column":2},"end":{"line":71,"column":null}},"type":"if","locations":[{"start":{"line":69,"column":2},"end":{"line":71,"column":null}},{"start":{},"end":{}}],"line":69},"9":{"loc":{"start":{"line":69,"column":6},"end":{"line":69,"column":93}},"type":"binary-expr","locations":[{"start":{"line":69,"column":6},"end":{"line":69,"column":24}},{"start":{"line":69,"column":24},"end":{"line":69,"column":93}}],"line":69},"10":{"loc":{"start":{"line":74,"column":2},"end":{"line":76,"column":null}},"type":"if","locations":[{"start":{"line":74,"column":2},"end":{"line":76,"column":null}},{"start":{},"end":{}}],"line":74},"11":{"loc":{"start":{"line":74,"column":6},"end":{"line":74,"column":73}},"type":"binary-expr","locations":[{"start":{"line":74,"column":6},"end":{"line":74,"column":23}},{"start":{"line":74,"column":23},"end":{"line":74,"column":73}}],"line":74},"12":{"loc":{"start":{"line":79,"column":2},"end":{"line":81,"column":null}},"type":"if","locations":[{"start":{"line":79,"column":2},"end":{"line":81,"column":null}},{"start":{},"end":{}}],"line":79},"13":{"loc":{"start":{"line":79,"column":6},"end":{"line":79,"column":63}},"type":"binary-expr","locations":[{"start":{"line":79,"column":6},"end":{"line":79,"column":26}},{"start":{"line":79,"column":26},"end":{"line":79,"column":63}}],"line":79},"14":{"loc":{"start":{"line":82,"column":2},"end":{"line":84,"column":null}},"type":"if","locations":[{"start":{"line":82,"column":2},"end":{"line":84,"column":null}},{"start":{},"end":{}}],"line":82},"15":{"loc":{"start":{"line":82,"column":6},"end":{"line":82,"column":59}},"type":"binary-expr","locations":[{"start":{"line":82,"column":6},"end":{"line":82,"column":24}},{"start":{"line":82,"column":24},"end":{"line":82,"column":59}}],"line":82},"16":{"loc":{"start":{"line":87,"column":2},"end":{"line":89,"column":null}},"type":"if","locations":[{"start":{"line":87,"column":2},"end":{"line":89,"column":null}},{"start":{},"end":{}}],"line":87},"17":{"loc":{"start":{"line":87,"column":6},"end":{"line":87,"column":73}},"type":"binary-expr","locations":[{"start":{"line":87,"column":6},"end":{"line":87,"column":27}},{"start":{"line":87,"column":27},"end":{"line":87,"column":73}}],"line":87},"18":{"loc":{"start":{"line":101,"column":2},"end":{"line":103,"column":null}},"type":"if","locations":[{"start":{"line":101,"column":2},"end":{"line":103,"column":null}},{"start":{},"end":{}}],"line":101},"19":{"loc":{"start":{"line":101,"column":6},"end":{"line":101,"column":43}},"type":"binary-expr","locations":[{"start":{"line":101,"column":6},"end":{"line":101,"column":16}},{"start":{"line":101,"column":16},"end":{"line":101,"column":43}}],"line":101}},"s":{"0":3,"1":3,"2":3,"3":1,"4":3,"5":1,"6":3,"7":1,"8":1,"9":1,"10":1,"11":1,"12":3,"13":3,"14":3,"15":3,"16":6,"17":6,"18":1,"19":6,"20":1,"21":6,"22":0,"23":6,"24":0,"25":6,"26":1,"27":6,"28":4,"29":0,"30":4},"f":{"0":3,"1":6,"2":4},"b":{"0":[1,2],"1":[1,2],"2":[1,2],"3":[3,2],"4":[1,0],"5":[1,0],"6":[3,3],"7":[3,3],"8":[1,5],"9":[6,2],"10":[1,5],"11":[6,2],"12":[0,6],"13":[6,0],"14":[0,6],"15":[6,0],"16":[1,5],"17":[6,2],"18":[0,4],"19":[4,4]},"meta":{"lastBranch":20,"lastFunction":3,"lastStatement":31,"seen":{"f:25:16:25:33":0,"s:26:37:26:Infinity":0,"s:27:50:27:Infinity":1,"b:30:2:32:Infinity:undefined:undefined:undefined:undefined":0,"s:30:2:32:Infinity":2,"s:31:4:31:Infinity":3,"b:35:2:37:Infinity:undefined:undefined:undefined:undefined":1,"s:35:2:37:Infinity":4,"s:36:4:36:Infinity":5,"b:40:2:48:Infinity:undefined:undefined:undefined:undefined":2,"s:40:2:48:Infinity":6,"b:40:6:40:26:40:26:40:42":3,"s:41:4:41:Infinity":7,"b:42:4:44:Infinity:undefined:undefined:undefined:undefined":4,"s:42:4:44:Infinity":8,"s:43:6:43:Infinity":9,"b:45:4:47:Infinity:undefined:undefined:undefined:undefined":5,"s:45:4:47:Infinity":10,"s:46:6:46:Infinity":11,"s:51:17:51:Infinity":12,"b:51:17:51:35:51:35:51:Infinity":6,"s:52:20:52:Infinity":13,"b:52:20:52:41:52:41:52:Infinity":7,"s:53:2:53:Infinity":14,"s:55:2:59:Infinity":15,"f:65:16:65:32":1,"s:66:27:66:Infinity":16,"b:69:2:71:Infinity:undefined:undefined:undefined:undefined":8,"s:69:2:71:Infinity":17,"b:69:6:69:24:69:24:69:93":9,"s:70:4:70:Infinity":18,"b:74:2:76:Infinity:undefined:undefined:undefined:undefined":10,"s:74:2:76:Infinity":19,"b:74:6:74:23:74:23:74:73":11,"s:75:4:75:Infinity":20,"b:79:2:81:Infinity:undefined:undefined:undefined:undefined":12,"s:79:2:81:Infinity":21,"b:79:6:79:26:79:26:79:63":13,"s:80:4:80:Infinity":22,"b:82:2:84:Infinity:undefined:undefined:undefined:undefined":14,"s:82:2:84:Infinity":23,"b:82:6:82:24:82:24:82:59":15,"s:83:4:83:Infinity":24,"b:87:2:89:Infinity:undefined:undefined:undefined:undefined":16,"s:87:2:89:Infinity":25,"b:87:6:87:27:87:27:87:73":17,"s:88:4:88:Infinity":26,"s:91:2:94:Infinity":27,"f:100:16:100:31":2,"b:101:2:103:Infinity:undefined:undefined:undefined:undefined":18,"s:101:2:103:Infinity":28,"b:101:6:101:16:101:16:101:43":19,"s:102:4:102:Infinity":29,"s:105:2:109:Infinity":30}}}
,"/Users/abdulhakeemalsenan/whatsapp-ai-saas/src/api/pagination.ts": {"path":"/Users/abdulhakeemalsenan/whatsapp-ai-saas/src/api/pagination.ts","statementMap":{"0":{"start":{"line":24,"column":13},"end":{"line":24,"column":null}},"1":{"start":{"line":25,"column":14},"end":{"line":25,"column":null}},"2":{"start":{"line":28,"column":2},"end":{"line":28,"column":null}},"3":{"start":{"line":28,"column":16},"end":{"line":28,"column":null}},"4":{"start":{"line":29,"column":2},"end":{"line":29,"column":null}},"5":{"start":{"line":29,"column":17},"end":{"line":29,"column":null}},"6":{"start":{"line":30,"column":2},"end":{"line":30,"column":null}},"7":{"start":{"line":30,"column":19},"end":{"line":30,"column":null}},"8":{"start":{"line":32,"column":8},"end":{"line":32,"column":null}},"9":{"start":{"line":34,"column":2},"end":{"line":34,"column":null}},"10":{"start":{"line":45,"column":16},"end":{"line":45,"column":null}},"11":{"start":{"line":47,"column":2},"end":{"line":54,"column":null}},"12":{"start":{"line":61,"column":2},"end":{"line":61,"column":null}}},"fnMap":{"0":{"name":"parsePagination","decl":{"start":{"line":23,"column":16},"end":{"line":23,"column":32}},"loc":{"start":{"line":23,"column":62},"end":{"line":35,"column":null}},"line":23},"1":{"name":"calculatePagination","decl":{"start":{"line":40,"column":16},"end":{"line":40,"column":null}},"loc":{"start":{"line":44,"column":18},"end":{"line":55,"column":null}},"line":44},"2":{"name":"validatePagination","decl":{"start":{"line":60,"column":16},"end":{"line":60,"column":35}},"loc":{"start":{"line":60,"column":73},"end":{"line":62,"column":null}},"line":60}},"branchMap":{"0":{"loc":{"start":{"line":24,"column":22},"end":{"line":24,"column":41}},"type":"binary-expr","locations":[{"start":{"line":24,"column":22},"end":{"line":24,"column":36}},{"start":{"line":24,"column":36},"end":{"line":24,"column":41}}],"line":24},"1":{"loc":{"start":{"line":25,"column":23},"end":{"line":25,"column":44}},"type":"binary-expr","locations":[{"start":{"line":25,"column":23},"end":{"line":25,"column":38}},{"start":{"line":25,"column":38},"end":{"line":25,"column":44}}],"line":25},"2":{"loc":{"start":{"line":28,"column":2},"end":{"line":28,"column":null}},"type":"if","locations":[{"start":{"line":28,"column":2},"end":{"line":28,"column":null}},{"start":{},"end":{}}],"line":28},"3":{"loc":{"start":{"line":29,"column":2},"end":{"line":29,"column":null}},"type":"if","locations":[{"start":{"line":29,"column":2},"end":{"line":29,"column":null}},{"start":{},"end":{}}],"line":29},"4":{"loc":{"start":{"line":30,"column":2},"end":{"line":30,"column":null}},"type":"if","locations":[{"start":{"line":30,"column":2},"end":{"line":30,"column":null}},{"start":{},"end":{}}],"line":30},"5":{"loc":{"start":{"line":61,"column":9},"end":{"line":61,"column":null}},"type":"binary-expr","locations":[{"start":{"line":61,"column":9},"end":{"line":61,"column":22}},{"start":{"line":61,"column":22},"end":{"line":61,"column":36}},{"start":{"line":61,"column":36},"end":{"line":61,"column":null}}],"line":61}},"s":{"0":4,"1":4,"2":4,"3":1,"4":4,"5":0,"6":4,"7":1,"8":4,"9":4,"10":1,"11":1,"12":4},"f":{"0":4,"1":1,"2":4},"b":{"0":[4,2],"1":[4,2],"2":[1,3],"3":[0,4],"4":[1,3],"5":[4,3,2]},"meta":{"lastBranch":6,"lastFunction":3,"lastStatement":13,"seen":{"f:23:16:23:32":0,"s:24:13:24:Infinity":0,"b:24:22:24:36:24:36:24:41":0,"s:25:14:25:Infinity":1,"b:25:23:25:38:25:38:25:44":1,"b:28:2:28:Infinity:undefined:undefined:undefined:undefined":2,"s:28:2:28:Infinity":2,"s:28:16:28:Infinity":3,"b:29:2:29:Infinity:undefined:undefined:undefined:undefined":3,"s:29:2:29:Infinity":4,"s:29:17:29:Infinity":5,"b:30:2:30:Infinity:undefined:undefined:undefined:undefined":4,"s:30:2:30:Infinity":6,"s:30:19:30:Infinity":7,"s:32:8:32:Infinity":8,"s:34:2:34:Infinity":9,"f:40:16:40:Infinity":1,"s:45:16:45:Infinity":10,"s:47:2:54:Infinity":11,"f:60:16:60:35":2,"s:61:2:61:Infinity":12,"b:61:9:61:22:61:22:61:36:61:36:61:Infinity":5}}}
,"/Users/abdulhakeemalsenan/whatsapp-ai-saas/src/api/response.ts": {"path":"/Users/abdulhakeemalsenan/whatsapp-ai-saas/src/api/response.ts","statementMap":{"0":{"start":{"line":36,"column":2},"end":{"line":44,"column":null}},"1":{"start":{"line":55,"column":16},"end":{"line":55,"column":null}},"2":{"start":{"line":56,"column":15},"end":{"line":56,"column":null}},"3":{"start":{"line":58,"column":2},"end":{"line":74,"column":null}},"4":{"start":{"line":86,"column":2},"end":{"line":98,"column":null}}},"fnMap":{"0":{"name":"successResponse","decl":{"start":{"line":32,"column":16},"end":{"line":32,"column":null}},"loc":{"start":{"line":35,"column":18},"end":{"line":45,"column":null}},"line":35},"1":{"name":"paginatedResponse","decl":{"start":{"line":50,"column":16},"end":{"line":50,"column":null}},"loc":{"start":{"line":54,"column":20},"end":{"line":75,"column":null}},"line":54},"2":{"name":"errorResponse","decl":{"start":{"line":80,"column":16},"end":{"line":80,"column":null}},"loc":{"start":{"line":85,"column":15},"end":{"line":99,"column":null}},"line":85}},"branchMap":{"0":{"loc":{"start":{"line":41,"column":17},"end":{"line":41,"column":null}},"type":"binary-expr","locations":[{"start":{"line":41,"column":17},"end":{"line":41,"column":36}},{"start":{"line":41,"column":36},"end":{"line":41,"column":null}}],"line":41},"1":{"loc":{"start":{"line":63,"column":17},"end":{"line":63,"column":null}},"type":"binary-expr","locations":[{"start":{"line":63,"column":17},"end":{"line":63,"column":36}},{"start":{"line":63,"column":36},"end":{"line":63,"column":null}}],"line":63},"2":{"loc":{"start":{"line":95,"column":17},"end":{"line":95,"column":null}},"type":"binary-expr","locations":[{"start":{"line":95,"column":17},"end":{"line":95,"column":36}},{"start":{"line":95,"column":36},"end":{"line":95,"column":null}}],"line":95}},"s":{"0":4,"1":3,"2":3,"3":3,"4":1},"f":{"0":4,"1":3,"2":1},"b":{"0":[4,0],"1":[3,0],"2":[1,0]},"meta":{"lastBranch":3,"lastFunction":3,"lastStatement":5,"seen":{"f:32:16:32:Infinity":0,"s:36:2:44:Infinity":0,"b:41:17:41:36:41:36:41:Infinity":0,"f:50:16:50:Infinity":1,"s:55:16:55:Infinity":1,"s:56:15:56:Infinity":2,"s:58:2:74:Infinity":3,"b:63:17:63:36:63:36:63:Infinity":1,"f:80:16:80:Infinity":2,"s:86:2:98:Infinity":4,"b:95:17:95:36:95:36:95:Infinity":2}}}
,"/Users/abdulhakeemalsenan/whatsapp-ai-saas/src/database/encryption.ts": {"path":"/Users/abdulhakeemalsenan/whatsapp-ai-saas/src/database/encryption.ts","statementMap":{"0":{"start":{"line":6,"column":29},"end":{"line":6,"column":null}},"1":{"start":{"line":7,"column":19},"end":{"line":7,"column":null}},"2":{"start":{"line":8,"column":18},"end":{"line":8,"column":null}},"3":{"start":{"line":9,"column":24},"end":{"line":9,"column":null}},"4":{"start":{"line":10,"column":17},"end":{"line":10,"column":null}},"5":{"start":{"line":16,"column":17},"end":{"line":16,"column":null}},"6":{"start":{"line":18,"column":2},"end":{"line":24,"column":null}},"7":{"start":{"line":19,"column":4},"end":{"line":21,"column":null}},"8":{"start":{"line":20,"column":6},"end":{"line":20,"column":null}},"9":{"start":{"line":23,"column":4},"end":{"line":23,"column":null}},"10":{"start":{"line":26,"column":14},"end":{"line":26,"column":null}},"11":{"start":{"line":27,"column":2},"end":{"line":29,"column":null}},"12":{"start":{"line":28,"column":4},"end":{"line":28,"column":null}},"13":{"start":{"line":31,"column":2},"end":{"line":31,"column":null}},"14":{"start":{"line":34,"column":35},"end":{"line":34,"column":null}},"15":{"start":{"line":40,"column":2},"end":{"line":46,"column":null}},"16":{"start":{"line":41,"column":4},"end":{"line":41,"column":null}},"17":{"start":{"line":42,"column":4},"end":{"line":42,"column":null}},"18":{"start":{"line":44,"column":4},"end":{"line":44,"column":null}},"19":{"start":{"line":45,"column":4},"end":{"line":45,"column":null}},"20":{"start":{"line":53,"column":2},"end":{"line":55,"column":null}},"21":{"start":{"line":54,"column":4},"end":{"line":54,"column":null}},"22":{"start":{"line":57,"column":2},"end":{"line":71,"column":null}},"23":{"start":{"line":58,"column":15},"end":{"line":58,"column":null}},"24":{"start":{"line":59,"column":19},"end":{"line":59,"column":null}},"25":{"start":{"line":61,"column":20},"end":{"line":61,"column":null}},"26":{"start":{"line":62,"column":4},"end":{"line":62,"column":null}},"27":{"start":{"line":64,"column":20},"end":{"line":64,"column":null}},"28":{"start":{"line":67,"column":4},"end":{"line":67,"column":null}},"29":{"start":{"line":69,"column":4},"end":{"line":69,"column":null}},"30":{"start":{"line":70,"column":4},"end":{"line":70,"column":null}},"31":{"start":{"line":78,"column":2},"end":{"line":80,"column":null}},"32":{"start":{"line":79,"column":4},"end":{"line":79,"column":null}},"33":{"start":{"line":82,"column":2},"end":{"line":102,"column":null}},"34":{"start":{"line":83,"column":18},"end":{"line":83,"column":null}},"35":{"start":{"line":84,"column":4},"end":{"line":86,"column":null}},"36":{"start":{"line":85,"column":6},"end":{"line":85,"column":null}},"37":{"start":{"line":88,"column":15},"end":{"line":88,"column":null}},"38":{"start":{"line":89,"column":20},"end":{"line":89,"column":null}},"39":{"start":{"line":90,"column":22},"end":{"line":90,"column":null}},"40":{"start":{"line":92,"column":21},"end":{"line":92,"column":null}},"41":{"start":{"line":93,"column":4},"end":{"line":93,"column":null}},"42":{"start":{"line":95,"column":20},"end":{"line":95,"column":null}},"43":{"start":{"line":96,"column":4},"end":{"line":96,"column":null}},"44":{"start":{"line":98,"column":4},"end":{"line":98,"column":null}},"45":{"start":{"line":100,"column":4},"end":{"line":100,"column":null}},"46":{"start":{"line":101,"column":4},"end":{"line":101,"column":null}},"47":{"start":{"line":110,"column":15},"end":{"line":110,"column":null}},"48":{"start":{"line":111,"column":15},"end":{"line":111,"column":null}},"49":{"start":{"line":113,"column":2},"end":{"line":113,"column":null}},"50":{"start":{"line":120,"column":2},"end":{"line":133,"column":null}},"51":{"start":{"line":121,"column":18},"end":{"line":121,"column":null}},"52":{"start":{"line":122,"column":4},"end":{"line":124,"column":null}},"53":{"start":{"line":123,"column":6},"end":{"line":123,"column":null}},"54":{"start":{"line":126,"column":17},"end":{"line":126,"column":null}},"55":{"start":{"line":127,"column":23},"end":{"line":127,"column":null}},"56":{"start":{"line":128,"column":25},"end":{"line":128,"column":null}},"57":{"start":{"line":130,"column":4},"end":{"line":130,"column":null}},"58":{"start":{"line":132,"column":4},"end":{"line":132,"column":null}},"59":{"start":{"line":140,"column":2},"end":{"line":140,"column":null}},"60":{"start":{"line":147,"column":2},"end":{"line":147,"column":null}}},"fnMap":{"0":{"name":"getEncryptionKey","decl":{"start":{"line":15,"column":9},"end":{"line":15,"column":36}},"loc":{"start":{"line":15,"column":36},"end":{"line":32,"column":null}},"line":15},"1":{"name":"initializeEncryption","decl":{"start":{"line":39,"column":16},"end":{"line":39,"column":45}},"loc":{"start":{"line":39,"column":45},"end":{"line":47,"column":null}},"line":39},"2":{"name":"encrypt","decl":{"start":{"line":52,"column":16},"end":{"line":52,"column":24}},"loc":{"start":{"line":52,"column":51},"end":{"line":72,"column":null}},"line":52},"3":{"name":"decrypt","decl":{"start":{"line":77,"column":16},"end":{"line":77,"column":24}},"loc":{"start":{"line":77,"column":55},"end":{"line":103,"column":null}},"line":77},"4":{"name":"hashData","decl":{"start":{"line":108,"column":16},"end":{"line":108,"column":25}},"loc":{"start":{"line":108,"column":72},"end":{"line":114,"column":null}},"line":108},"5":{"name":"verifyHashedData","decl":{"start":{"line":119,"column":16},"end":{"line":119,"column":33}},"loc":{"start":{"line":119,"column":70},"end":{"line":134,"column":null}},"line":119},"6":{"name":"generateSecureToken","decl":{"start":{"line":139,"column":16},"end":{"line":139,"column":36}},"loc":{"start":{"line":139,"column":65},"end":{"line":141,"column":null}},"line":139},"7":{"name":"generateEncryptionKey","decl":{"start":{"line":146,"column":16},"end":{"line":146,"column":48}},"loc":{"start":{"line":146,"column":48},"end":{"line":148,"column":null}},"line":146}},"branchMap":{"0":{"loc":{"start":{"line":18,"column":2},"end":{"line":24,"column":null}},"type":"if","locations":[{"start":{"line":18,"column":2},"end":{"line":24,"column":null}},{"start":{},"end":{}}],"line":18},"1":{"loc":{"start":{"line":19,"column":4},"end":{"line":21,"column":null}},"type":"if","locations":[{"start":{"line":19,"column":4},"end":{"line":21,"column":null}},{"start":{},"end":{}}],"line":19},"2":{"loc":{"start":{"line":27,"column":2},"end":{"line":29,"column":null}},"type":"if","locations":[{"start":{"line":27,"column":2},"end":{"line":29,"column":null}},{"start":{},"end":{}}],"line":27},"3":{"loc":{"start":{"line":53,"column":2},"end":{"line":55,"column":null}},"type":"if","locations":[{"start":{"line":53,"column":2},"end":{"line":55,"column":null}},{"start":{},"end":{}}],"line":53},"4":{"loc":{"start":{"line":78,"column":2},"end":{"line":80,"column":null}},"type":"if","locations":[{"start":{"line":78,"column":2},"end":{"line":80,"column":null}},{"start":{},"end":{}}],"line":78},"5":{"loc":{"start":{"line":84,"column":4},"end":{"line":86,"column":null}},"type":"if","locations":[{"start":{"line":84,"column":4},"end":{"line":86,"column":null}},{"start":{},"end":{}}],"line":84},"6":{"loc":{"start":{"line":108,"column":39},"end":{"line":108,"column":72}},"type":"default-arg","locations":[{"start":{"line":108,"column":60},"end":{"line":108,"column":72}}],"line":108},"7":{"loc":{"start":{"line":122,"column":4},"end":{"line":124,"column":null}},"type":"if","locations":[{"start":{"line":122,"column":4},"end":{"line":124,"column":null}},{"start":{},"end":{}}],"line":122},"8":{"loc":{"start":{"line":139,"column":36},"end":{"line":139,"column":65}},"type":"default-arg","locations":[{"start":{"line":139,"column":53},"end":{"line":139,"column":65}}],"line":139}},"s":{"0":2,"1":2,"2":2,"3":2,"4":2,"5":2,"6":2,"7":2,"8":0,"9":2,"10":0,"11":0,"12":0,"13":0,"14":2,"15":2,"16":2,"17":2,"18":0,"19":0,"20":7,"21":0,"22":7,"23":7,"24":7,"25":7,"26":7,"27":7,"28":7,"29":0,"30":0,"31":7,"32":0,"33":7,"34":7,"35":7,"36":0,"37":7,"38":7,"39":7,"40":7,"41":7,"42":7,"43":7,"44":7,"45":0,"46":0,"47":1,"48":1,"49":1,"50":2,"51":2,"52":2,"53":0,"54":2,"55":2,"56":2,"57":2,"58":0,"59":2,"60":0},"f":{"0":2,"1":2,"2":7,"3":7,"4":1,"5":2,"6":2,"7":0},"b":{"0":[2,0],"1":[0,2],"2":[0,0],"3":[0,7],"4":[0,7],"5":[0,7],"6":[1],"7":[0,2],"8":[2]},"meta":{"lastBranch":9,"lastFunction":8,"lastStatement":61,"seen":{"s:6:29:6:Infinity":0,"s:7:19:7:Infinity":1,"s:8:18:8:Infinity":2,"s:9:24:9:Infinity":3,"s:10:17:10:Infinity":4,"f:15:9:15:36":0,"s:16:17:16:Infinity":5,"b:18:2:24:Infinity:undefined:undefined:undefined:undefined":0,"s:18:2:24:Infinity":6,"b:19:4:21:Infinity:undefined:undefined:undefined:undefined":1,"s:19:4:21:Infinity":7,"s:20:6:20:Infinity":8,"s:23:4:23:Infinity":9,"s:26:14:26:Infinity":10,"b:27:2:29:Infinity:undefined:undefined:undefined:undefined":2,"s:27:2:29:Infinity":11,"s:28:4:28:Infinity":12,"s:31:2:31:Infinity":13,"s:34:35:34:Infinity":14,"f:39:16:39:45":1,"s:40:2:46:Infinity":15,"s:41:4:41:Infinity":16,"s:42:4:42:Infinity":17,"s:44:4:44:Infinity":18,"s:45:4:45:Infinity":19,"f:52:16:52:24":2,"b:53:2:55:Infinity:undefined:undefined:undefined:undefined":3,"s:53:2:55:Infinity":20,"s:54:4:54:Infinity":21,"s:57:2:71:Infinity":22,"s:58:15:58:Infinity":23,"s:59:19:59:Infinity":24,"s:61:20:61:Infinity":25,"s:62:4:62:Infinity":26,"s:64:20:64:Infinity":27,"s:67:4:67:Infinity":28,"s:69:4:69:Infinity":29,"s:70:4:70:Infinity":30,"f:77:16:77:24":3,"b:78:2:80:Infinity:undefined:undefined:undefined:undefined":4,"s:78:2:80:Infinity":31,"s:79:4:79:Infinity":32,"s:82:2:102:Infinity":33,"s:83:18:83:Infinity":34,"b:84:4:86:Infinity:undefined:undefined:undefined:undefined":5,"s:84:4:86:Infinity":35,"s:85:6:85:Infinity":36,"s:88:15:88:Infinity":37,"s:89:20:89:Infinity":38,"s:90:22:90:Infinity":39,"s:92:21:92:Infinity":40,"s:93:4:93:Infinity":41,"s:95:20:95:Infinity":42,"s:96:4:96:Infinity":43,"s:98:4:98:Infinity":44,"s:100:4:100:Infinity":45,"s:101:4:101:Infinity":46,"f:108:16:108:25":4,"b:108:60:108:72":6,"s:110:15:110:Infinity":47,"s:111:15:111:Infinity":48,"s:113:2:113:Infinity":49,"f:119:16:119:33":5,"s:120:2:133:Infinity":50,"s:121:18:121:Infinity":51,"b:122:4:124:Infinity:undefined:undefined:undefined:undefined":7,"s:122:4:124:Infinity":52,"s:123:6:123:Infinity":53,"s:126:17:126:Infinity":54,"s:127:23:127:Infinity":55,"s:128:25:128:Infinity":56,"s:130:4:130:Infinity":57,"s:132:4:132:Infinity":58,"f:139:16:139:36":6,"b:139:53:139:65":8,"s:140:2:140:Infinity":59,"f:146:16:146:48":7,"s:147:2:147:Infinity":60}}}
,"/Users/abdulhakeemalsenan/whatsapp-ai-saas/src/security/input-sanitizer.ts": {"path":"/Users/abdulhakeemalsenan/whatsapp-ai-saas/src/security/input-sanitizer.ts","statementMap":{"0":{"start":{"line":6,"column":2},"end":{"line":8,"column":null}},"1":{"start":{"line":7,"column":4},"end":{"line":7,"column":null}},"2":{"start":{"line":10,"column":2},"end":{"line":14,"column":null}},"3":{"start":{"line":18,"column":2},"end":{"line":20,"column":null}},"4":{"start":{"line":19,"column":4},"end":{"line":19,"column":null}},"5":{"start":{"line":22,"column":20},"end":{"line":22,"column":null}},"6":{"start":{"line":23,"column":21},"end":{"line":23,"column":null}},"7":{"start":{"line":25,"column":2},"end":{"line":27,"column":null}},"8":{"start":{"line":26,"column":4},"end":{"line":26,"column":null}},"9":{"start":{"line":29,"column":2},"end":{"line":29,"column":null}},"10":{"start":{"line":33,"column":2},"end":{"line":35,"column":null}},"11":{"start":{"line":34,"column":4},"end":{"line":34,"column":null}},"12":{"start":{"line":37,"column":20},"end":{"line":37,"column":null}},"13":{"start":{"line":39,"column":2},"end":{"line":41,"column":null}},"14":{"start":{"line":40,"column":4},"end":{"line":40,"column":null}},"15":{"start":{"line":43,"column":2},"end":{"line":43,"column":null}}},"fnMap":{"0":{"name":"sanitizeInput","decl":{"start":{"line":5,"column":16},"end":{"line":5,"column":30}},"loc":{"start":{"line":5,"column":53},"end":{"line":15,"column":null}},"line":5},"1":{"name":"sanitizeEmail","decl":{"start":{"line":17,"column":16},"end":{"line":17,"column":30}},"loc":{"start":{"line":17,"column":53},"end":{"line":30,"column":null}},"line":17},"2":{"name":"sanitizePhoneNumber","decl":{"start":{"line":32,"column":16},"end":{"line":32,"column":36}},"loc":{"start":{"line":32,"column":59},"end":{"line":44,"column":null}},"line":32}},"branchMap":{"0":{"loc":{"start":{"line":6,"column":2},"end":{"line":8,"column":null}},"type":"if","locations":[{"start":{"line":6,"column":2},"end":{"line":8,"column":null}},{"start":{},"end":{}}],"line":6},"1":{"loc":{"start":{"line":6,"column":6},"end":{"line":6,"column":43}},"type":"binary-expr","locations":[{"start":{"line":6,"column":6},"end":{"line":6,"column":16}},{"start":{"line":6,"column":16},"end":{"line":6,"column":43}}],"line":6},"2":{"loc":{"start":{"line":18,"column":2},"end":{"line":20,"column":null}},"type":"if","locations":[{"start":{"line":18,"column":2},"end":{"line":20,"column":null}},{"start":{},"end":{}}],"line":18},"3":{"loc":{"start":{"line":18,"column":6},"end":{"line":18,"column":43}},"type":"binary-expr","locations":[{"start":{"line":18,"column":6},"end":{"line":18,"column":16}},{"start":{"line":18,"column":16},"end":{"line":18,"column":43}}],"line":18},"4":{"loc":{"start":{"line":25,"column":2},"end":{"line":27,"column":null}},"type":"if","locations":[{"start":{"line":25,"column":2},"end":{"line":27,"column":null}},{"start":{},"end":{}}],"line":25},"5":{"loc":{"start":{"line":33,"column":2},"end":{"line":35,"column":null}},"type":"if","locations":[{"start":{"line":33,"column":2},"end":{"line":35,"column":null}},{"start":{},"end":{}}],"line":33},"6":{"loc":{"start":{"line":33,"column":6},"end":{"line":33,"column":43}},"type":"binary-expr","locations":[{"start":{"line":33,"column":6},"end":{"line":33,"column":16}},{"start":{"line":33,"column":16},"end":{"line":33,"column":43}}],"line":33},"7":{"loc":{"start":{"line":39,"column":2},"end":{"line":41,"column":null}},"type":"if","locations":[{"start":{"line":39,"column":2},"end":{"line":41,"column":null}},{"start":{},"end":{}}],"line":39}},"s":{"0":1,"1":0,"2":1,"3":2,"4":0,"5":2,"6":2,"7":2,"8":1,"9":1,"10":2,"11":0,"12":2,"13":2,"14":1,"15":1},"f":{"0":1,"1":2,"2":2},"b":{"0":[0,1],"1":[1,1],"2":[0,2],"3":[2,2],"4":[1,1],"5":[0,2],"6":[2,2],"7":[1,1]},"meta":{"lastBranch":8,"lastFunction":3,"lastStatement":16,"seen":{"f:5:16:5:30":0,"b:6:2:8:Infinity:undefined:undefined:undefined:undefined":0,"s:6:2:8:Infinity":0,"b:6:6:6:16:6:16:6:43":1,"s:7:4:7:Infinity":1,"s:10:2:14:Infinity":2,"f:17:16:17:30":1,"b:18:2:20:Infinity:undefined:undefined:undefined:undefined":2,"s:18:2:20:Infinity":3,"b:18:6:18:16:18:16:18:43":3,"s:19:4:19:Infinity":4,"s:22:20:22:Infinity":5,"s:23:21:23:Infinity":6,"b:25:2:27:Infinity:undefined:undefined:undefined:undefined":4,"s:25:2:27:Infinity":7,"s:26:4:26:Infinity":8,"s:29:2:29:Infinity":9,"f:32:16:32:36":2,"b:33:2:35:Infinity:undefined:undefined:undefined:undefined":5,"s:33:2:35:Infinity":10,"b:33:6:33:16:33:16:33:43":6,"s:34:4:34:Infinity":11,"s:37:20:37:Infinity":12,"b:39:2:41:Infinity:undefined:undefined:undefined:undefined":7,"s:39:2:41:Infinity":13,"s:40:4:40:Infinity":14,"s:43:2:43:Infinity":15}}}
}
