TN:
SF:src/api/cache.ts
FN:16,setCacheValue
FN:28,getCacheValue
FN:47,deleteCacheValue
FN:54,clearCache
FN:61,clearCachePattern
FN:73,getCacheStats
FN:94,cleanupExpiredCache
FNF:7
FNH:5
FNDA:7,setCacheValue
FNDA:4,getCacheValue
FNDA:1,deleteCacheValue
FNDA:7,clearCache
FNDA:0,clearCachePattern
FNDA:2,getCacheStats
FNDA:0,cleanupExpiredCache
DA:11,1
DA:21,7
DA:22,7
DA:29,4
DA:31,4
DA:32,2
DA:36,2
DA:37,1
DA:38,1
DA:41,1
DA:48,1
DA:55,7
DA:62,0
DA:63,0
DA:64,0
DA:65,0
DA:74,2
DA:75,2
DA:77,2
DA:78,2
DA:79,2
DA:80,0
DA:84,2
DA:95,0
DA:96,0
DA:97,0
DA:98,0
DA:104,1
LF:28
LH:19
BRDA:19,0,0,7
BRDA:31,1,0,2
BRDA:31,1,1,2
BRDA:36,2,0,1
BRDA:36,2,1,1
BRDA:64,3,0,0
BRDA:64,3,1,0
BRDA:79,4,0,0
BRDA:79,4,1,2
BRDA:97,5,0,0
BRDA:97,5,1,0
BRF:11
BRH:6
end_of_record
TN:
SF:src/api/filters.ts
FN:25,buildFilterQuery
FN:65,validateFilters
FN:100,sanitizeSearch
FNF:3
FNH:3
FNDA:3,buildFilterQuery
FNDA:6,validateFilters
FNDA:4,sanitizeSearch
DA:26,3
DA:27,3
DA:30,3
DA:31,1
DA:35,3
DA:36,1
DA:40,3
DA:41,1
DA:42,1
DA:43,1
DA:45,1
DA:46,1
DA:51,3
DA:52,3
DA:53,3
DA:55,3
DA:66,6
DA:69,6
DA:70,1
DA:74,6
DA:75,1
DA:79,6
DA:80,0
DA:82,6
DA:83,0
DA:87,6
DA:88,1
DA:91,6
DA:101,4
DA:102,0
DA:105,4
LF:31
LH:28
BRDA:30,0,0,1
BRDA:30,0,1,2
BRDA:35,1,0,1
BRDA:35,1,1,2
BRDA:40,2,0,1
BRDA:40,2,1,2
BRDA:40,3,0,3
BRDA:40,3,1,2
BRDA:42,4,0,1
BRDA:42,4,1,0
BRDA:45,5,0,1
BRDA:45,5,1,0
BRDA:51,6,0,3
BRDA:51,6,1,3
BRDA:52,7,0,3
BRDA:52,7,1,3
BRDA:69,8,0,1
BRDA:69,8,1,5
BRDA:69,9,0,6
BRDA:69,9,1,2
BRDA:74,10,0,1
BRDA:74,10,1,5
BRDA:74,11,0,6
BRDA:74,11,1,2
BRDA:79,12,0,0
BRDA:79,12,1,6
BRDA:79,13,0,6
BRDA:79,13,1,0
BRDA:82,14,0,0
BRDA:82,14,1,6
BRDA:82,15,0,6
BRDA:82,15,1,0
BRDA:87,16,0,1
BRDA:87,16,1,5
BRDA:87,17,0,6
BRDA:87,17,1,2
BRDA:101,18,0,0
BRDA:101,18,1,4
BRDA:101,19,0,4
BRDA:101,19,1,4
BRF:40
BRH:33
end_of_record
TN:
SF:src/api/pagination.ts
FN:23,parsePagination
FN:40,calculatePagination
FN:60,validatePagination
FNF:3
FNH:3
FNDA:4,parsePagination
FNDA:1,calculatePagination
FNDA:4,validatePagination
DA:24,4
DA:25,4
DA:28,4
DA:29,4
DA:30,4
DA:32,4
DA:34,4
DA:45,1
DA:47,1
DA:61,4
LF:10
LH:10
BRDA:24,0,0,4
BRDA:24,0,1,2
BRDA:25,1,0,4
BRDA:25,1,1,2
BRDA:28,2,0,1
BRDA:28,2,1,3
BRDA:29,3,0,0
BRDA:29,3,1,4
BRDA:30,4,0,1
BRDA:30,4,1,3
BRDA:61,5,0,4
BRDA:61,5,1,3
BRDA:61,5,2,2
BRF:13
BRH:12
end_of_record
TN:
SF:src/api/response.ts
FN:32,successResponse
FN:50,paginatedResponse
FN:80,errorResponse
FNF:3
FNH:3
FNDA:4,successResponse
FNDA:3,paginatedResponse
FNDA:1,errorResponse
DA:36,4
DA:55,3
DA:56,3
DA:58,3
DA:86,1
LF:5
LH:5
BRDA:41,0,0,4
BRDA:41,0,1,0
BRDA:63,1,0,3
BRDA:63,1,1,0
BRDA:95,2,0,1
BRDA:95,2,1,0
BRF:6
BRH:3
end_of_record
TN:
SF:src/database/encryption.ts
FN:15,getEncryptionKey
FN:39,initializeEncryption
FN:52,encrypt
FN:77,decrypt
FN:108,hashData
FN:119,verifyHashedData
FN:139,generateSecureToken
FN:146,generateEncryptionKey
FNF:8
FNH:7
FNDA:2,getEncryptionKey
FNDA:2,initializeEncryption
FNDA:7,encrypt
FNDA:7,decrypt
FNDA:1,hashData
FNDA:2,verifyHashedData
FNDA:2,generateSecureToken
FNDA:0,generateEncryptionKey
DA:6,2
DA:7,2
DA:8,2
DA:9,2
DA:10,2
DA:16,2
DA:18,2
DA:19,2
DA:20,0
DA:23,2
DA:26,0
DA:27,0
DA:28,0
DA:31,0
DA:34,2
DA:40,2
DA:41,2
DA:42,2
DA:44,0
DA:45,0
DA:53,7
DA:54,0
DA:57,7
DA:58,7
DA:59,7
DA:61,7
DA:62,7
DA:64,7
DA:67,7
DA:69,0
DA:70,0
DA:78,7
DA:79,0
DA:82,7
DA:83,7
DA:84,7
DA:85,0
DA:88,7
DA:89,7
DA:90,7
DA:92,7
DA:93,7
DA:95,7
DA:96,7
DA:98,7
DA:100,0
DA:101,0
DA:110,1
DA:111,1
DA:113,1
DA:120,2
DA:121,2
DA:122,2
DA:123,0
DA:126,2
DA:127,2
DA:128,2
DA:130,2
DA:132,0
DA:140,2
DA:147,0
LF:61
LH:44
BRDA:18,0,0,2
BRDA:18,0,1,0
BRDA:19,1,0,0
BRDA:19,1,1,2
BRDA:27,2,0,0
BRDA:27,2,1,0
BRDA:53,3,0,0
BRDA:53,3,1,7
BRDA:78,4,0,0
BRDA:78,4,1,7
BRDA:84,5,0,0
BRDA:84,5,1,7
BRDA:108,6,0,1
BRDA:122,7,0,0
BRDA:122,7,1,2
BRDA:139,8,0,2
BRF:16
BRH:8
end_of_record
TN:
SF:src/security/input-sanitizer.ts
FN:5,sanitizeInput
FN:17,sanitizeEmail
FN:32,sanitizePhoneNumber
FNF:3
FNH:3
FNDA:1,sanitizeInput
FNDA:2,sanitizeEmail
FNDA:2,sanitizePhoneNumber
DA:6,1
DA:7,0
DA:10,1
DA:18,2
DA:19,0
DA:22,2
DA:23,2
DA:25,2
DA:26,1
DA:29,1
DA:33,2
DA:34,0
DA:37,2
DA:39,2
DA:40,1
DA:43,1
LF:16
LH:13
BRDA:6,0,0,0
BRDA:6,0,1,1
BRDA:6,1,0,1
BRDA:6,1,1,1
BRDA:18,2,0,0
BRDA:18,2,1,2
BRDA:18,3,0,2
BRDA:18,3,1,2
BRDA:25,4,0,1
BRDA:25,4,1,1
BRDA:33,5,0,0
BRDA:33,5,1,2
BRDA:33,6,0,2
BRDA:33,6,1,2
BRDA:39,7,0,1
BRDA:39,7,1,1
BRF:16
BRH:13
end_of_record
